2025-11-03 02:30:00 INFO  AbstractLangProcessor: - Start parsing files...
2025-11-03 02:30:00 INFO  AbstractLangProcessor: - Resolve types and bindings of variables, methods and expressions.... D:\vscode\Hackathon\CodePulse_AI\backend\sample-repo\banking-app\src\payment
2025-11-03 02:30:00 INFO  AbstractLangProcessor: - Heap Information: init = 130023424(126976K) used = 15728640(15360K) committed = 130023424(126976K) max = 2076180480(2027520K)
2025-11-03 02:30:00 INFO  IBindingResolver: - Resolve type bindings...
2025-11-03 02:30:00 INFO  IBindingResolver: - Dependency analaysing...
2025-11-03 02:30:00 INFO  IBindingResolver: - Heap Information: init = 130023424(126976K) used = 15728640(15360K) committed = 130023424(126976K) max = 2076180480(2027520K)
2025-11-03 02:30:00 INFO  AbstractLangProcessor: - Heap Information: init = 130023424(126976K) used = 6985896(6822K) committed = 28311552(27648K) max = 2076180480(2027520K)
2025-11-03 02:30:00 INFO  DependencyGenerator: - Dependencies data generating done successfully...
2025-11-03 11:09:14 INFO  AbstractLangProcessor: - Start parsing files...
2025-11-03 11:09:14 INFO  AbstractLangProcessor: - Resolve types and bindings of variables, methods and expressions.... /app/sample-repo/banking-app/src/payment
2025-11-03 11:09:14 INFO  AbstractLangProcessor: - Heap Information: init = 62914560(61440K) used = 17877048(17458K) committed = 65011712(63488K) max = 991952896(968704K)
2025-11-03 11:09:14 INFO  IBindingResolver: - Resolve type bindings...
2025-11-03 11:09:14 INFO  IBindingResolver: - Dependency analaysing...
2025-11-03 11:09:14 INFO  IBindingResolver: - Heap Information: init = 62914560(61440K) used = 17877048(17458K) committed = 65011712(63488K) max = 991952896(968704K)
2025-11-03 11:09:14 INFO  AbstractLangProcessor: - Heap Information: init = 62914560(61440K) used = 7392128(7218K) committed = 31457280(30720K) max = 991952896(968704K)
2025-11-03 11:09:14 INFO  DependencyGenerator: - Dependencies data generating done successfully...
2025-11-03 11:57:37 INFO  AbstractLangProcessor: - Start parsing files...
2025-11-03 11:57:37 INFO  AbstractLangProcessor: - Resolve types and bindings of variables, methods and expressions.... /app/sample-repo/banking-app/src/payment
2025-11-03 11:57:37 INFO  AbstractLangProcessor: - Heap Information: init = 62914560(61440K) used = 27314232(26674K) committed = 65011712(63488K) max = 991952896(968704K)
2025-11-03 11:57:37 INFO  IBindingResolver: - Resolve type bindings...
2025-11-03 11:57:37 INFO  IBindingResolver: - Dependency analaysing...
2025-11-03 11:57:37 INFO  IBindingResolver: - Heap Information: init = 62914560(61440K) used = 27314232(26674K) committed = 65011712(63488K) max = 991952896(968704K)
2025-11-03 11:57:37 INFO  AbstractLangProcessor: - Heap Information: init = 62914560(61440K) used = 8388512(8191K) committed = 31457280(30720K) max = 991952896(968704K)
2025-11-03 11:57:37 INFO  DependencyGenerator: - Dependencies data generating done successfully...
2025-11-03 12:55:32 INFO  AbstractLangProcessor: - Start parsing files...
2025-11-03 12:55:32 INFO  AbstractLangProcessor: - Resolve types and bindings of variables, methods and expressions.... /app/sample-repo/banking-app/src/payment
2025-11-03 12:55:32 INFO  AbstractLangProcessor: - Heap Information: init = 62914560(61440K) used = 17877048(17458K) committed = 65011712(63488K) max = 991952896(968704K)
2025-11-03 12:55:32 INFO  IBindingResolver: - Resolve type bindings...
2025-11-03 12:55:32 INFO  IBindingResolver: - Dependency analaysing...
2025-11-03 12:55:32 INFO  IBindingResolver: - Heap Information: init = 62914560(61440K) used = 17877048(17458K) committed = 65011712(63488K) max = 991952896(968704K)
2025-11-03 12:55:32 INFO  AbstractLangProcessor: - Heap Information: init = 62914560(61440K) used = 7390064(7216K) committed = 31457280(30720K) max = 991952896(968704K)
2025-11-03 12:55:32 INFO  DependencyGenerator: - Dependencies data generating done successfully...
2025-11-03 13:03:07 INFO  AbstractLangProcessor: - Start parsing files...
2025-11-03 13:03:07 INFO  AbstractLangProcessor: - Resolve types and bindings of variables, methods and expressions.... /app/sample-repo/banking-app/src/payment
2025-11-03 13:03:07 INFO  AbstractLangProcessor: - Heap Information: init = 62914560(61440K) used = 18925624(18482K) committed = 65011712(63488K) max = 991952896(968704K)
2025-11-03 13:03:07 INFO  IBindingResolver: - Resolve type bindings...
2025-11-03 13:03:07 INFO  IBindingResolver: - Dependency analaysing...
2025-11-03 13:03:07 INFO  IBindingResolver: - Heap Information: init = 62914560(61440K) used = 18925624(18482K) committed = 65011712(63488K) max = 991952896(968704K)
2025-11-03 13:03:07 INFO  AbstractLangProcessor: - Heap Information: init = 62914560(61440K) used = 7390496(7217K) committed = 28311552(27648K) max = 991952896(968704K)
2025-11-03 13:03:07 INFO  DependencyGenerator: - Dependencies data generating done successfully...
2025-11-03 13:59:18 INFO  AbstractLangProcessor: - Start parsing files...
2025-11-03 13:59:19 INFO  AbstractLangProcessor: - Resolve types and bindings of variables, methods and expressions.... /sample-repo/banking-app/src
2025-11-03 13:59:19 INFO  AbstractLangProcessor: - Heap Information: init = 62914560(61440K) used = 14964808(14614K) committed = 65011712(63488K) max = 991952896(968704K)
2025-11-03 13:59:19 INFO  IBindingResolver: - Resolve type bindings...
2025-11-03 13:59:19 INFO  IBindingResolver: - Dependency analaysing...
2025-11-03 13:59:19 INFO  IBindingResolver: - Heap Information: init = 62914560(61440K) used = 14964808(14614K) committed = 65011712(63488K) max = 991952896(968704K)
2025-11-03 13:59:19 INFO  AbstractLangProcessor: - Heap Information: init = 62914560(61440K) used = 8514584(8315K) committed = 31457280(30720K) max = 991952896(968704K)
2025-11-03 13:59:19 INFO  DependencyGenerator: - Dependencies data generating done successfully...
2025-11-03 14:00:29 INFO  AbstractLangProcessor: - Start parsing files...
2025-11-03 14:00:30 INFO  AbstractLangProcessor: - Resolve types and bindings of variables, methods and expressions.... /sample-repo/banking-app/src
2025-11-03 14:00:30 INFO  AbstractLangProcessor: - Heap Information: init = 62914560(61440K) used = 14862392(14514K) committed = 65011712(63488K) max = 991952896(968704K)
2025-11-03 14:00:30 INFO  IBindingResolver: - Resolve type bindings...
2025-11-03 14:00:30 INFO  IBindingResolver: - Dependency analaysing...
2025-11-03 14:00:30 INFO  IBindingResolver: - Heap Information: init = 62914560(61440K) used = 14862392(14514K) committed = 65011712(63488K) max = 991952896(968704K)
2025-11-03 14:00:30 INFO  AbstractLangProcessor: - Heap Information: init = 62914560(61440K) used = 8520784(8321K) committed = 35651584(34816K) max = 991952896(968704K)
2025-11-03 14:00:30 INFO  DependencyGenerator: - Dependencies data generating done successfully...
2025-11-03 14:24:57 INFO  AbstractLangProcessor: - Start parsing files...
2025-11-03 14:24:58 INFO  AbstractLangProcessor: - Resolve types and bindings of variables, methods and expressions.... /sample-repo/banking-app/src
2025-11-03 14:24:58 INFO  AbstractLangProcessor: - Heap Information: init = 62914560(61440K) used = 15059000(14706K) committed = 65011712(63488K) max = 991952896(968704K)
2025-11-03 14:24:58 INFO  IBindingResolver: - Resolve type bindings...
2025-11-03 14:24:58 INFO  IBindingResolver: - Dependency analaysing...
2025-11-03 14:24:58 INFO  IBindingResolver: - Heap Information: init = 62914560(61440K) used = 15059000(14706K) committed = 65011712(63488K) max = 991952896(968704K)
2025-11-03 14:24:58 INFO  AbstractLangProcessor: - Heap Information: init = 62914560(61440K) used = 8500744(8301K) committed = 31457280(30720K) max = 991952896(968704K)
2025-11-03 14:24:58 INFO  DependencyGenerator: - Dependencies data generating done successfully...
2025-11-03 14:28:02 INFO  AbstractLangProcessor: - Start parsing files...
2025-11-03 14:28:04 INFO  AbstractLangProcessor: - Resolve types and bindings of variables, methods and expressions.... /sample-repo/banking-app/src
2025-11-03 14:28:04 INFO  AbstractLangProcessor: - Heap Information: init = 62914560(61440K) used = 14829624(14482K) committed = 65011712(63488K) max = 991952896(968704K)
2025-11-03 14:28:04 INFO  IBindingResolver: - Resolve type bindings...
2025-11-03 14:28:04 INFO  IBindingResolver: - Dependency analaysing...
2025-11-03 14:28:04 INFO  IBindingResolver: - Heap Information: init = 62914560(61440K) used = 14829624(14482K) committed = 65011712(63488K) max = 991952896(968704K)
2025-11-03 14:28:04 INFO  AbstractLangProcessor: - Heap Information: init = 62914560(61440K) used = 8492736(8293K) committed = 31457280(30720K) max = 991952896(968704K)
2025-11-03 14:28:04 INFO  DependencyGenerator: - Dependencies data generating done successfully...
2025-11-03 14:35:06 INFO  AbstractLangProcessor: - Start parsing files...
2025-11-03 14:35:07 INFO  AbstractLangProcessor: - Resolve types and bindings of variables, methods and expressions.... /sample-repo/banking-app/src
2025-11-03 14:35:07 INFO  AbstractLangProcessor: - Heap Information: init = 62914560(61440K) used = 14862392(14514K) committed = 65011712(63488K) max = 991952896(968704K)
2025-11-03 14:35:07 INFO  IBindingResolver: - Resolve type bindings...
2025-11-03 14:35:07 INFO  IBindingResolver: - Dependency analaysing...
2025-11-03 14:35:07 INFO  IBindingResolver: - Heap Information: init = 62914560(61440K) used = 14862392(14514K) committed = 65011712(63488K) max = 991952896(968704K)
2025-11-03 14:35:07 INFO  AbstractLangProcessor: - Heap Information: init = 62914560(61440K) used = 8484616(8285K) committed = 31457280(30720K) max = 991952896(968704K)
2025-11-03 14:35:07 INFO  DependencyGenerator: - Dependencies data generating done successfully...
2025-11-03 14:42:17 INFO  AbstractLangProcessor: - Start parsing files...
2025-11-03 14:42:18 INFO  AbstractLangProcessor: - Resolve types and bindings of variables, methods and expressions.... /sample-repo/banking-app/src
2025-11-03 14:42:19 INFO  AbstractLangProcessor: - Heap Information: init = 62914560(61440K) used = 14895160(14546K) committed = 65011712(63488K) max = 991952896(968704K)
2025-11-03 14:42:19 INFO  IBindingResolver: - Resolve type bindings...
2025-11-03 14:42:19 INFO  IBindingResolver: - Dependency analaysing...
2025-11-03 14:42:19 INFO  IBindingResolver: - Heap Information: init = 62914560(61440K) used = 14895160(14546K) committed = 65011712(63488K) max = 991952896(968704K)
2025-11-03 14:42:19 INFO  AbstractLangProcessor: - Heap Information: init = 62914560(61440K) used = 8526264(8326K) committed = 35651584(34816K) max = 991952896(968704K)
2025-11-03 14:42:19 INFO  DependencyGenerator: - Dependencies data generating done successfully...
2025-11-03 14:45:40 INFO  AbstractLangProcessor: - Start parsing files...
2025-11-03 14:45:41 INFO  AbstractLangProcessor: - Resolve types and bindings of variables, methods and expressions.... /sample-repo/banking-app/src
2025-11-03 14:45:41 INFO  AbstractLangProcessor: - Heap Information: init = 62914560(61440K) used = 14829624(14482K) committed = 65011712(63488K) max = 991952896(968704K)
2025-11-03 14:45:41 INFO  IBindingResolver: - Resolve type bindings...
2025-11-03 14:45:41 INFO  IBindingResolver: - Dependency analaysing...
2025-11-03 14:45:41 INFO  IBindingResolver: - Heap Information: init = 62914560(61440K) used = 15878200(15506K) committed = 65011712(63488K) max = 991952896(968704K)
2025-11-03 14:45:41 INFO  AbstractLangProcessor: - Heap Information: init = 62914560(61440K) used = 8471928(8273K) committed = 31457280(30720K) max = 991952896(968704K)
2025-11-03 14:45:41 INFO  DependencyGenerator: - Dependencies data generating done successfully...
2025-11-03 14:46:14 INFO  AbstractLangProcessor: - Start parsing files...
2025-11-03 14:46:15 INFO  AbstractLangProcessor: - Resolve types and bindings of variables, methods and expressions.... /sample-repo/banking-app/src
2025-11-03 14:46:15 INFO  AbstractLangProcessor: - Heap Information: init = 62914560(61440K) used = 14895160(14546K) committed = 65011712(63488K) max = 991952896(968704K)
2025-11-03 14:46:15 INFO  IBindingResolver: - Resolve type bindings...
2025-11-03 14:46:15 INFO  IBindingResolver: - Dependency analaysing...
2025-11-03 14:46:15 INFO  IBindingResolver: - Heap Information: init = 62914560(61440K) used = 14895160(14546K) committed = 65011712(63488K) max = 991952896(968704K)
2025-11-03 14:46:15 INFO  AbstractLangProcessor: - Heap Information: init = 62914560(61440K) used = 8480760(8281K) committed = 31457280(30720K) max = 991952896(968704K)
2025-11-03 14:46:15 INFO  DependencyGenerator: - Dependencies data generating done successfully...
2025-11-03 14:51:31 INFO  AbstractLangProcessor: - Start parsing files...
2025-11-03 14:51:32 INFO  AbstractLangProcessor: - Resolve types and bindings of variables, methods and expressions.... /sample-repo/banking-app/src
2025-11-03 14:51:32 INFO  AbstractLangProcessor: - Heap Information: init = 62914560(61440K) used = 14964808(14614K) committed = 65011712(63488K) max = 991952896(968704K)
2025-11-03 14:51:32 INFO  IBindingResolver: - Resolve type bindings...
2025-11-03 14:51:32 INFO  IBindingResolver: - Dependency analaysing...
2025-11-03 14:51:32 INFO  IBindingResolver: - Heap Information: init = 62914560(61440K) used = 16013384(15638K) committed = 65011712(63488K) max = 991952896(968704K)
2025-11-03 14:51:32 INFO  AbstractLangProcessor: - Heap Information: init = 62914560(61440K) used = 8470784(8272K) committed = 31457280(30720K) max = 991952896(968704K)
2025-11-03 14:51:32 INFO  DependencyGenerator: - Dependencies data generating done successfully...
2025-11-03 14:56:59 INFO  AbstractLangProcessor: - Start parsing files...
2025-11-03 14:57:00 INFO  AbstractLangProcessor: - Resolve types and bindings of variables, methods and expressions.... /sample-repo/banking-app/src
2025-11-03 14:57:00 INFO  AbstractLangProcessor: - Heap Information: init = 62914560(61440K) used = 14895160(14546K) committed = 65011712(63488K) max = 991952896(968704K)
2025-11-03 14:57:00 INFO  IBindingResolver: - Resolve type bindings...
2025-11-03 14:57:00 INFO  IBindingResolver: - Dependency analaysing...
2025-11-03 14:57:00 INFO  IBindingResolver: - Heap Information: init = 62914560(61440K) used = 14895160(14546K) committed = 65011712(63488K) max = 991952896(968704K)
2025-11-03 14:57:00 INFO  AbstractLangProcessor: - Heap Information: init = 62914560(61440K) used = 8463736(8265K) committed = 31457280(30720K) max = 991952896(968704K)
2025-11-03 14:57:00 INFO  DependencyGenerator: - Dependencies data generating done successfully...
2025-11-03 15:04:56 INFO  AbstractLangProcessor: - Start parsing files...
2025-11-03 15:04:57 INFO  AbstractLangProcessor: - Resolve types and bindings of variables, methods and expressions.... /sample-repo/banking-app/src
2025-11-03 15:04:57 INFO  AbstractLangProcessor: - Heap Information: init = 62914560(61440K) used = 14800968(14454K) committed = 65011712(63488K) max = 991952896(968704K)
2025-11-03 15:04:57 INFO  IBindingResolver: - Resolve type bindings...
2025-11-03 15:04:57 INFO  IBindingResolver: - Dependency analaysing...
2025-11-03 15:04:57 INFO  IBindingResolver: - Heap Information: init = 62914560(61440K) used = 14800968(14454K) committed = 65011712(63488K) max = 991952896(968704K)
2025-11-03 15:04:57 INFO  AbstractLangProcessor: - Heap Information: init = 62914560(61440K) used = 8520280(8320K) committed = 35651584(34816K) max = 991952896(968704K)
2025-11-03 15:04:58 INFO  DependencyGenerator: - Dependencies data generating done successfully...
2025-11-03 15:34:46 INFO  AbstractLangProcessor: - Start parsing files...
2025-11-03 15:34:49 INFO  AbstractLangProcessor: - Resolve types and bindings of variables, methods and expressions.... /sample-repo/banking-app/src
2025-11-03 15:34:49 INFO  AbstractLangProcessor: - Heap Information: init = 62914560(61440K) used = 14731320(14386K) committed = 65011712(63488K) max = 991952896(968704K)
2025-11-03 15:34:49 INFO  IBindingResolver: - Resolve type bindings...
2025-11-03 15:34:49 INFO  IBindingResolver: - Dependency analaysing...
2025-11-03 15:34:49 INFO  IBindingResolver: - Heap Information: init = 62914560(61440K) used = 14731320(14386K) committed = 65011712(63488K) max = 991952896(968704K)
2025-11-03 15:34:49 INFO  AbstractLangProcessor: - Heap Information: init = 62914560(61440K) used = 8488672(8289K) committed = 35651584(34816K) max = 991952896(968704K)
2025-11-03 15:34:49 INFO  DependencyGenerator: - Dependencies data generating done successfully...
2025-11-03 15:46:19 INFO  AbstractLangProcessor: - Start parsing files...
2025-11-03 15:46:19 INFO  AbstractLangProcessor: - Resolve types and bindings of variables, methods and expressions.... /src
2025-11-03 15:46:19 INFO  AbstractLangProcessor: - Heap Information: init = 62914560(61440K) used = 18925624(18482K) committed = 65011712(63488K) max = 991952896(968704K)
2025-11-03 15:46:19 INFO  IBindingResolver: - Resolve type bindings...
2025-11-03 15:46:19 INFO  IBindingResolver: - Dependency analaysing...
2025-11-03 15:46:19 INFO  IBindingResolver: - Heap Information: init = 62914560(61440K) used = 18925624(18482K) committed = 65011712(63488K) max = 991952896(968704K)
2025-11-03 15:46:19 INFO  AbstractLangProcessor: - Heap Information: init = 62914560(61440K) used = 7391536(7218K) committed = 28311552(27648K) max = 991952896(968704K)
2025-11-03 15:46:19 INFO  DependencyGenerator: - Dependencies data generating done successfully...
2025-11-03 15:48:30 INFO  AbstractLangProcessor: - Start parsing files...
2025-11-03 15:48:30 INFO  AbstractLangProcessor: - Resolve types and bindings of variables, methods and expressions.... /src
2025-11-03 15:48:30 INFO  AbstractLangProcessor: - Heap Information: init = 62914560(61440K) used = 18925624(18482K) committed = 65011712(63488K) max = 991952896(968704K)
2025-11-03 15:48:30 INFO  IBindingResolver: - Resolve type bindings...
2025-11-03 15:48:30 INFO  IBindingResolver: - Dependency analaysing...
2025-11-03 15:48:30 INFO  IBindingResolver: - Heap Information: init = 62914560(61440K) used = 18925624(18482K) committed = 65011712(63488K) max = 991952896(968704K)
2025-11-03 15:48:30 INFO  AbstractLangProcessor: - Heap Information: init = 62914560(61440K) used = 7389616(7216K) committed = 28311552(27648K) max = 991952896(968704K)
2025-11-03 15:48:30 INFO  DependencyGenerator: - Dependencies data generating done successfully...
2025-11-03 15:58:05 INFO  AbstractLangProcessor: - Start parsing files...
2025-11-03 15:58:05 INFO  AbstractLangProcessor: - Resolve types and bindings of variables, methods and expressions.... /src
2025-11-03 15:58:05 INFO  AbstractLangProcessor: - Heap Information: init = 62914560(61440K) used = 18925624(18482K) committed = 65011712(63488K) max = 991952896(968704K)
2025-11-03 15:58:05 INFO  IBindingResolver: - Resolve type bindings...
2025-11-03 15:58:05 INFO  IBindingResolver: - Dependency analaysing...
2025-11-03 15:58:05 INFO  IBindingResolver: - Heap Information: init = 62914560(61440K) used = 18925624(18482K) committed = 65011712(63488K) max = 991952896(968704K)
2025-11-03 15:58:05 INFO  AbstractLangProcessor: - Heap Information: init = 62914560(61440K) used = 7391056(7217K) committed = 28311552(27648K) max = 991952896(968704K)
2025-11-03 15:58:05 INFO  DependencyGenerator: - Dependencies data generating done successfully...
2025-11-03 19:36:24 INFO  AbstractLangProcessor: - Start parsing files...
2025-11-03 19:36:24 INFO  AbstractLangProcessor: - Start parsing files...
2025-11-03 19:36:24 INFO  AbstractLangProcessor: - Start parsing files...
2025-11-03 19:36:24 INFO  AbstractLangProcessor: - Resolve types and bindings of variables, methods and expressions.... /nonexistent
2025-11-03 19:36:24 INFO  AbstractLangProcessor: - Start parsing files...
2025-11-03 19:36:24 INFO  AbstractLangProcessor: - Heap Information: init = 62914560(61440K) used = 17877048(17458K) committed = 65011712(63488K) max = 991952896(968704K)
2025-11-03 19:36:24 INFO  IBindingResolver: - Resolve type bindings...
2025-11-03 19:36:24 INFO  IBindingResolver: - Dependency analaysing...
2025-11-03 19:36:24 INFO  IBindingResolver: - Heap Information: init = 62914560(61440K) used = 17877048(17458K) committed = 65011712(63488K) max = 991952896(968704K)
2025-11-03 19:36:24 INFO  AbstractLangProcessor: - Heap Information: init = 62914560(61440K) used = 7390744(7217K) committed = 31457280(30720K) max = 991952896(968704K)
2025-11-03 19:36:24 INFO  DependencyGenerator: - Dependencies data generating done successfully...
2025-11-03 19:36:26 INFO  AbstractLangProcessor: - Resolve types and bindings of variables, methods and expressions.... /sample-repo/banking-app/src
2025-11-03 19:36:26 INFO  AbstractLangProcessor: - Resolve types and bindings of variables, methods and expressions.... /sample-repo/banking-app/src
2025-11-03 19:36:26 INFO  AbstractLangProcessor: - Resolve types and bindings of variables, methods and expressions.... /sample-repo/banking-app/src
2025-11-03 19:36:26 INFO  AbstractLangProcessor: - Heap Information: init = 62914560(61440K) used = 13748280(13426K) committed = 65011712(63488K) max = 991952896(968704K)
2025-11-03 19:36:26 INFO  IBindingResolver: - Resolve type bindings...
2025-11-03 19:36:26 INFO  IBindingResolver: - Dependency analaysing...
2025-11-03 19:36:26 INFO  IBindingResolver: - Heap Information: init = 62914560(61440K) used = 14796856(14450K) committed = 65011712(63488K) max = 991952896(968704K)
2025-11-03 19:36:26 INFO  AbstractLangProcessor: - Heap Information: init = 62914560(61440K) used = 14895160(14546K) committed = 65011712(63488K) max = 991952896(968704K)
2025-11-03 19:36:26 INFO  IBindingResolver: - Resolve type bindings...
2025-11-03 19:36:26 INFO  AbstractLangProcessor: - Heap Information: init = 62914560(61440K) used = 14829624(14482K) committed = 65011712(63488K) max = 991952896(968704K)
2025-11-03 19:36:26 INFO  IBindingResolver: - Resolve type bindings...
2025-11-03 19:36:26 INFO  IBindingResolver: - Dependency analaysing...
2025-11-03 19:36:26 INFO  IBindingResolver: - Heap Information: init = 62914560(61440K) used = 14895160(14546K) committed = 65011712(63488K) max = 991952896(968704K)
2025-11-03 19:36:26 INFO  IBindingResolver: - Dependency analaysing...
2025-11-03 19:36:26 INFO  IBindingResolver: - Heap Information: init = 62914560(61440K) used = 14829624(14482K) committed = 65011712(63488K) max = 991952896(968704K)
2025-11-03 19:36:26 INFO  AbstractLangProcessor: - Heap Information: init = 62914560(61440K) used = 8490392(8291K) committed = 35651584(34816K) max = 991952896(968704K)
2025-11-03 19:36:26 INFO  AbstractLangProcessor: - Heap Information: init = 62914560(61440K) used = 8488608(8289K) committed = 35651584(34816K) max = 991952896(968704K)
2025-11-03 19:36:26 INFO  AbstractLangProcessor: - Heap Information: init = 62914560(61440K) used = 8469856(8271K) committed = 31457280(30720K) max = 991952896(968704K)
2025-11-03 19:36:26 INFO  DependencyGenerator: - Dependencies data generating done successfully...
2025-11-03 19:36:26 INFO  DependencyGenerator: - Dependencies data generating done successfully...
2025-11-03 19:36:26 INFO  DependencyGenerator: - Dependencies data generating done successfully...
2025-11-03 19:38:42 INFO  AbstractLangProcessor: - Start parsing files...
2025-11-03 19:38:42 INFO  AbstractLangProcessor: - Resolve types and bindings of variables, methods and expressions.... /src
2025-11-03 19:38:42 INFO  AbstractLangProcessor: - Heap Information: init = 62914560(61440K) used = 18925624(18482K) committed = 65011712(63488K) max = 991952896(968704K)
2025-11-03 19:38:42 INFO  IBindingResolver: - Resolve type bindings...
2025-11-03 19:38:42 INFO  IBindingResolver: - Dependency analaysing...
2025-11-03 19:38:42 INFO  IBindingResolver: - Heap Information: init = 62914560(61440K) used = 18925624(18482K) committed = 65011712(63488K) max = 991952896(968704K)
2025-11-03 19:38:42 INFO  AbstractLangProcessor: - Heap Information: init = 62914560(61440K) used = 7389760(7216K) committed = 28311552(27648K) max = 991952896(968704K)
2025-11-03 19:38:42 INFO  DependencyGenerator: - Dependencies data generating done successfully...
2025-11-03 20:27:24 INFO  AbstractLangProcessor: - Start parsing files...
2025-11-03 20:27:24 INFO  AbstractLangProcessor: - Resolve types and bindings of variables, methods and expressions.... /src
2025-11-03 20:27:24 INFO  AbstractLangProcessor: - Heap Information: init = 62914560(61440K) used = 17877048(17458K) committed = 65011712(63488K) max = 991952896(968704K)
2025-11-03 20:27:24 INFO  IBindingResolver: - Resolve type bindings...
2025-11-03 20:27:24 INFO  IBindingResolver: - Dependency analaysing...
2025-11-03 20:27:24 INFO  IBindingResolver: - Heap Information: init = 62914560(61440K) used = 17877048(17458K) committed = 65011712(63488K) max = 991952896(968704K)
2025-11-03 20:27:25 INFO  AbstractLangProcessor: - Heap Information: init = 62914560(61440K) used = 7391680(7218K) committed = 31457280(30720K) max = 991952896(968704K)
2025-11-03 20:27:25 INFO  DependencyGenerator: - Dependencies data generating done successfully...
2025-11-03 20:29:18 INFO  AbstractLangProcessor: - Start parsing files...
2025-11-03 20:29:18 INFO  AbstractLangProcessor: - Resolve types and bindings of variables, methods and expressions.... /src
2025-11-03 20:29:18 INFO  AbstractLangProcessor: - Heap Information: init = 62914560(61440K) used = 18925624(18482K) committed = 65011712(63488K) max = 991952896(968704K)
2025-11-03 20:29:18 INFO  IBindingResolver: - Resolve type bindings...
2025-11-03 20:29:18 INFO  IBindingResolver: - Dependency analaysing...
2025-11-03 20:29:18 INFO  IBindingResolver: - Heap Information: init = 62914560(61440K) used = 18925624(18482K) committed = 65011712(63488K) max = 991952896(968704K)
2025-11-03 20:29:18 INFO  AbstractLangProcessor: - Heap Information: init = 62914560(61440K) used = 7391632(7218K) committed = 28311552(27648K) max = 991952896(968704K)
2025-11-03 20:29:18 INFO  DependencyGenerator: - Dependencies data generating done successfully...
2025-11-03 20:31:31 INFO  AbstractLangProcessor: - Start parsing files...
2025-11-03 20:31:31 INFO  AbstractLangProcessor: - Resolve types and bindings of variables, methods and expressions.... /src
2025-11-03 20:31:31 INFO  AbstractLangProcessor: - Heap Information: init = 62914560(61440K) used = 18925624(18482K) committed = 65011712(63488K) max = 991952896(968704K)
2025-11-03 20:31:31 INFO  IBindingResolver: - Resolve type bindings...
2025-11-03 20:31:31 INFO  IBindingResolver: - Dependency analaysing...
2025-11-03 20:31:31 INFO  IBindingResolver: - Heap Information: init = 62914560(61440K) used = 18925624(18482K) committed = 65011712(63488K) max = 991952896(968704K)
2025-11-03 20:31:31 INFO  AbstractLangProcessor: - Heap Information: init = 62914560(61440K) used = 7392304(7219K) committed = 28311552(27648K) max = 991952896(968704K)
2025-11-03 20:31:31 INFO  DependencyGenerator: - Dependencies data generating done successfully...
2025-11-03 20:32:21 INFO  AbstractLangProcessor: - Start parsing files...
2025-11-03 20:32:21 INFO  AbstractLangProcessor: - Resolve types and bindings of variables, methods and expressions.... /src
2025-11-03 20:32:21 INFO  AbstractLangProcessor: - Heap Information: init = 62914560(61440K) used = 17877048(17458K) committed = 65011712(63488K) max = 991952896(968704K)
2025-11-03 20:32:21 INFO  IBindingResolver: - Resolve type bindings...
2025-11-03 20:32:21 INFO  IBindingResolver: - Dependency analaysing...
2025-11-03 20:32:21 INFO  IBindingResolver: - Heap Information: init = 62914560(61440K) used = 17877048(17458K) committed = 65011712(63488K) max = 991952896(968704K)
2025-11-03 20:32:21 INFO  AbstractLangProcessor: - Heap Information: init = 62914560(61440K) used = 7390432(7217K) committed = 31457280(30720K) max = 991952896(968704K)
2025-11-03 20:32:21 INFO  DependencyGenerator: - Dependencies data generating done successfully...
2025-11-03 20:33:33 INFO  AbstractLangProcessor: - Start parsing files...
2025-11-03 20:33:34 INFO  AbstractLangProcessor: - Resolve types and bindings of variables, methods and expressions.... /sample-repo/banking-app/src
2025-11-03 20:33:34 INFO  AbstractLangProcessor: - Heap Information: init = 62914560(61440K) used = 14731320(14386K) committed = 65011712(63488K) max = 991952896(968704K)
2025-11-03 20:33:34 INFO  IBindingResolver: - Resolve type bindings...
2025-11-03 20:33:34 INFO  IBindingResolver: - Dependency analaysing...
2025-11-03 20:33:34 INFO  IBindingResolver: - Heap Information: init = 62914560(61440K) used = 14731320(14386K) committed = 65011712(63488K) max = 991952896(968704K)
2025-11-03 20:33:34 INFO  AbstractLangProcessor: - Heap Information: init = 62914560(61440K) used = 8520760(8321K) committed = 35651584(34816K) max = 991952896(968704K)
2025-11-03 20:33:34 INFO  DependencyGenerator: - Dependencies data generating done successfully...
2025-11-03 20:39:39 INFO  AbstractLangProcessor: - Start parsing files...
2025-11-03 20:39:40 INFO  AbstractLangProcessor: - Resolve types and bindings of variables, methods and expressions.... /sample-repo/banking-app/src
2025-11-03 20:39:40 INFO  AbstractLangProcessor: - Heap Information: init = 62914560(61440K) used = 14862392(14514K) committed = 65011712(63488K) max = 991952896(968704K)
2025-11-03 20:39:40 INFO  IBindingResolver: - Resolve type bindings...
2025-11-03 20:39:40 INFO  IBindingResolver: - Dependency analaysing...
2025-11-03 20:39:40 INFO  IBindingResolver: - Heap Information: init = 62914560(61440K) used = 14862392(14514K) committed = 65011712(63488K) max = 991952896(968704K)
2025-11-03 20:39:40 INFO  AbstractLangProcessor: - Heap Information: init = 62914560(61440K) used = 8525064(8325K) committed = 35651584(34816K) max = 991952896(968704K)
2025-11-03 20:39:40 INFO  DependencyGenerator: - Dependencies data generating done successfully...
2025-11-03 20:41:39 INFO  AbstractLangProcessor: - Start parsing files...
2025-11-03 20:41:40 INFO  AbstractLangProcessor: - Resolve types and bindings of variables, methods and expressions.... /sample-repo/banking-app/src
2025-11-03 20:41:40 INFO  AbstractLangProcessor: - Heap Information: init = 62914560(61440K) used = 14862392(14514K) committed = 65011712(63488K) max = 991952896(968704K)
2025-11-03 20:41:40 INFO  IBindingResolver: - Resolve type bindings...
2025-11-03 20:41:40 INFO  IBindingResolver: - Dependency analaysing...
2025-11-03 20:41:40 INFO  IBindingResolver: - Heap Information: init = 62914560(61440K) used = 14862392(14514K) committed = 65011712(63488K) max = 991952896(968704K)
2025-11-03 20:41:40 INFO  AbstractLangProcessor: - Heap Information: init = 62914560(61440K) used = 8474184(8275K) committed = 31457280(30720K) max = 991952896(968704K)
2025-11-03 20:41:40 INFO  DependencyGenerator: - Dependencies data generating done successfully...
2025-11-03 20:45:08 INFO  AbstractLangProcessor: - Start parsing files...
2025-11-03 20:45:09 INFO  AbstractLangProcessor: - Resolve types and bindings of variables, methods and expressions.... /sample-repo/banking-app/src
2025-11-03 20:45:09 INFO  AbstractLangProcessor: - Heap Information: init = 62914560(61440K) used = 14731320(14386K) committed = 65011712(63488K) max = 991952896(968704K)
2025-11-03 20:45:09 INFO  IBindingResolver: - Resolve type bindings...
2025-11-03 20:45:09 INFO  IBindingResolver: - Dependency analaysing...
2025-11-03 20:45:09 INFO  IBindingResolver: - Heap Information: init = 62914560(61440K) used = 14731320(14386K) committed = 65011712(63488K) max = 991952896(968704K)
2025-11-03 20:45:09 INFO  AbstractLangProcessor: - Heap Information: init = 62914560(61440K) used = 8494896(8295K) committed = 31457280(30720K) max = 991952896(968704K)
2025-11-03 20:45:09 INFO  DependencyGenerator: - Dependencies data generating done successfully...
2025-11-04 07:55:39 INFO  AbstractLangProcessor: - Start parsing files...
2025-11-04 07:55:39 INFO  AbstractLangProcessor: - Resolve types and bindings of variables, methods and expressions.... /src
2025-11-04 07:55:39 INFO  AbstractLangProcessor: - Heap Information: init = 62914560(61440K) used = 18925624(18482K) committed = 65011712(63488K) max = 991952896(968704K)
2025-11-04 07:55:39 INFO  IBindingResolver: - Resolve type bindings...
2025-11-04 07:55:39 INFO  IBindingResolver: - Dependency analaysing...
2025-11-04 07:55:39 INFO  IBindingResolver: - Heap Information: init = 62914560(61440K) used = 18925624(18482K) committed = 65011712(63488K) max = 991952896(968704K)
2025-11-04 07:55:39 INFO  AbstractLangProcessor: - Heap Information: init = 62914560(61440K) used = 7392304(7219K) committed = 28311552(27648K) max = 991952896(968704K)
2025-11-04 07:55:39 INFO  DependencyGenerator: - Dependencies data generating done successfully...
2025-11-04 07:56:12 INFO  AbstractLangProcessor: - Start parsing files...
2025-11-04 07:56:12 INFO  AbstractLangProcessor: - Resolve types and bindings of variables, methods and expressions.... /src
2025-11-04 07:56:12 INFO  AbstractLangProcessor: - Heap Information: init = 62914560(61440K) used = 17877048(17458K) committed = 65011712(63488K) max = 991952896(968704K)
2025-11-04 07:56:12 INFO  IBindingResolver: - Resolve type bindings...
2025-11-04 07:56:12 INFO  IBindingResolver: - Dependency analaysing...
2025-11-04 07:56:12 INFO  IBindingResolver: - Heap Information: init = 62914560(61440K) used = 17877048(17458K) committed = 65011712(63488K) max = 991952896(968704K)
2025-11-04 07:56:12 INFO  AbstractLangProcessor: - Heap Information: init = 62914560(61440K) used = 7391728(7218K) committed = 31457280(30720K) max = 991952896(968704K)
2025-11-04 07:56:12 INFO  DependencyGenerator: - Dependencies data generating done successfully...
2025-11-04 07:56:40 INFO  AbstractLangProcessor: - Start parsing files...
2025-11-04 07:56:40 INFO  AbstractLangProcessor: - Resolve types and bindings of variables, methods and expressions.... /src
2025-11-04 07:56:40 INFO  AbstractLangProcessor: - Heap Information: init = 62914560(61440K) used = 18925624(18482K) committed = 65011712(63488K) max = 991952896(968704K)
2025-11-04 07:56:40 INFO  IBindingResolver: - Resolve type bindings...
2025-11-04 07:56:40 INFO  IBindingResolver: - Dependency analaysing...
2025-11-04 07:56:40 INFO  IBindingResolver: - Heap Information: init = 62914560(61440K) used = 18925624(18482K) committed = 65011712(63488K) max = 991952896(968704K)
2025-11-04 07:56:40 INFO  AbstractLangProcessor: - Heap Information: init = 62914560(61440K) used = 7390960(7217K) committed = 28311552(27648K) max = 991952896(968704K)
2025-11-04 07:56:40 INFO  DependencyGenerator: - Dependencies data generating done successfully...
2025-11-04 08:01:14 INFO  AbstractLangProcessor: - Start parsing files...
2025-11-04 08:01:15 INFO  AbstractLangProcessor: - Resolve types and bindings of variables, methods and expressions.... /sample-repo/banking-app/src
2025-11-04 08:01:15 INFO  AbstractLangProcessor: - Heap Information: init = 62914560(61440K) used = 14829624(14482K) committed = 65011712(63488K) max = 991952896(968704K)
2025-11-04 08:01:15 INFO  IBindingResolver: - Resolve type bindings...
2025-11-04 08:01:15 INFO  IBindingResolver: - Dependency analaysing...
2025-11-04 08:01:15 INFO  IBindingResolver: - Heap Information: init = 62914560(61440K) used = 14829624(14482K) committed = 65011712(63488K) max = 991952896(968704K)
2025-11-04 08:01:15 INFO  AbstractLangProcessor: - Heap Information: init = 62914560(61440K) used = 8472848(8274K) committed = 31457280(30720K) max = 991952896(968704K)
2025-11-04 08:01:15 INFO  DependencyGenerator: - Dependencies data generating done successfully...
2025-11-04 08:01:42 INFO  AbstractLangProcessor: - Start parsing files...
2025-11-04 08:01:43 INFO  AbstractLangProcessor: - Resolve types and bindings of variables, methods and expressions.... /sample-repo/banking-app/src
2025-11-04 08:01:43 INFO  AbstractLangProcessor: - Heap Information: init = 62914560(61440K) used = 14764088(14418K) committed = 65011712(63488K) max = 991952896(968704K)
2025-11-04 08:01:43 INFO  IBindingResolver: - Resolve type bindings...
2025-11-04 08:01:43 INFO  IBindingResolver: - Dependency analaysing...
2025-11-04 08:01:43 INFO  IBindingResolver: - Heap Information: init = 62914560(61440K) used = 14764088(14418K) committed = 65011712(63488K) max = 991952896(968704K)
2025-11-04 08:01:43 INFO  AbstractLangProcessor: - Heap Information: init = 62914560(61440K) used = 8483056(8284K) committed = 31457280(30720K) max = 991952896(968704K)
2025-11-04 08:01:43 INFO  DependencyGenerator: - Dependencies data generating done successfully...
2025-11-04 08:02:08 INFO  AbstractLangProcessor: - Start parsing files...
2025-11-04 08:02:09 INFO  AbstractLangProcessor: - Resolve types and bindings of variables, methods and expressions.... /sample-repo/banking-app/src
2025-11-04 08:02:09 INFO  AbstractLangProcessor: - Heap Information: init = 62914560(61440K) used = 14731320(14386K) committed = 65011712(63488K) max = 991952896(968704K)
2025-11-04 08:02:09 INFO  IBindingResolver: - Resolve type bindings...
2025-11-04 08:02:09 INFO  IBindingResolver: - Dependency analaysing...
2025-11-04 08:02:09 INFO  IBindingResolver: - Heap Information: init = 62914560(61440K) used = 14731320(14386K) committed = 65011712(63488K) max = 991952896(968704K)
2025-11-04 08:02:09 INFO  AbstractLangProcessor: - Heap Information: init = 62914560(61440K) used = 8490496(8291K) committed = 31457280(30720K) max = 991952896(968704K)
2025-11-04 08:02:09 INFO  DependencyGenerator: - Dependencies data generating done successfully...
2025-11-04 08:26:07 INFO  AbstractLangProcessor: - Start parsing files...
2025-11-04 08:26:08 INFO  AbstractLangProcessor: - Resolve types and bindings of variables, methods and expressions.... /sample-repo/banking-app/src
2025-11-04 08:26:08 INFO  AbstractLangProcessor: - Heap Information: init = 62914560(61440K) used = 14829624(14482K) committed = 65011712(63488K) max = 991952896(968704K)
2025-11-04 08:26:08 INFO  IBindingResolver: - Resolve type bindings...
2025-11-04 08:26:08 INFO  IBindingResolver: - Dependency analaysing...
2025-11-04 08:26:08 INFO  IBindingResolver: - Heap Information: init = 62914560(61440K) used = 14829624(14482K) committed = 65011712(63488K) max = 991952896(968704K)
2025-11-04 08:26:08 INFO  AbstractLangProcessor: - Heap Information: init = 62914560(61440K) used = 8473944(8275K) committed = 31457280(30720K) max = 991952896(968704K)
2025-11-04 08:26:08 INFO  DependencyGenerator: - Dependencies data generating done successfully...
2025-11-04 08:26:37 INFO  AbstractLangProcessor: - Start parsing files...
2025-11-04 08:26:40 INFO  AbstractLangProcessor: - Resolve types and bindings of variables, methods and expressions.... /sample-repo/banking-app/src
2025-11-04 08:26:40 INFO  AbstractLangProcessor: - Heap Information: init = 62914560(61440K) used = 14895160(14546K) committed = 65011712(63488K) max = 991952896(968704K)
2025-11-04 08:26:40 INFO  IBindingResolver: - Resolve type bindings...
2025-11-04 08:26:40 INFO  IBindingResolver: - Dependency analaysing...
2025-11-04 08:26:40 INFO  IBindingResolver: - Heap Information: init = 62914560(61440K) used = 14895160(14546K) committed = 65011712(63488K) max = 991952896(968704K)
2025-11-04 08:26:40 INFO  AbstractLangProcessor: - Heap Information: init = 62914560(61440K) used = 8506528(8307K) committed = 31457280(30720K) max = 991952896(968704K)
2025-11-04 08:26:40 INFO  DependencyGenerator: - Dependencies data generating done successfully...
2025-11-04 08:27:02 INFO  AbstractLangProcessor: - Start parsing files...
2025-11-04 08:27:03 INFO  AbstractLangProcessor: - Resolve types and bindings of variables, methods and expressions.... /sample-repo/banking-app/src
2025-11-04 08:27:03 INFO  AbstractLangProcessor: - Heap Information: init = 62914560(61440K) used = 14927928(14578K) committed = 65011712(63488K) max = 991952896(968704K)
2025-11-04 08:27:03 INFO  IBindingResolver: - Resolve type bindings...
2025-11-04 08:27:03 INFO  IBindingResolver: - Dependency analaysing...
2025-11-04 08:27:03 INFO  IBindingResolver: - Heap Information: init = 62914560(61440K) used = 15976504(15602K) committed = 65011712(63488K) max = 991952896(968704K)
2025-11-04 08:27:03 INFO  AbstractLangProcessor: - Heap Information: init = 62914560(61440K) used = 8510808(8311K) committed = 31457280(30720K) max = 991952896(968704K)
2025-11-04 08:27:04 INFO  DependencyGenerator: - Dependencies data generating done successfully...
2025-11-05 06:24:43 INFO  AbstractLangProcessor: - Start parsing files...
2025-11-05 06:24:44 INFO  AbstractLangProcessor: - Resolve types and bindings of variables, methods and expressions.... /sample-repo/banking-app/src
2025-11-05 06:24:45 INFO  AbstractLangProcessor: - Heap Information: init = 62914560(61440K) used = 15026232(14674K) committed = 65011712(63488K) max = 991952896(968704K)
2025-11-05 06:24:45 INFO  IBindingResolver: - Resolve type bindings...
2025-11-05 06:24:45 INFO  IBindingResolver: - Dependency analaysing...
2025-11-05 06:24:45 INFO  IBindingResolver: - Heap Information: init = 62914560(61440K) used = 15026232(14674K) committed = 65011712(63488K) max = 991952896(968704K)
2025-11-05 06:24:45 INFO  AbstractLangProcessor: - Heap Information: init = 62914560(61440K) used = 8462848(8264K) committed = 31457280(30720K) max = 991952896(968704K)
2025-11-05 06:24:45 INFO  DependencyGenerator: - Dependencies data generating done successfully...
2025-11-05 06:25:17 INFO  AbstractLangProcessor: - Start parsing files...
2025-11-05 06:25:18 INFO  AbstractLangProcessor: - Resolve types and bindings of variables, methods and expressions.... /sample-repo/banking-app/src
2025-11-05 06:25:18 INFO  AbstractLangProcessor: - Heap Information: init = 62914560(61440K) used = 14960696(14610K) committed = 65011712(63488K) max = 991952896(968704K)
2025-11-05 06:25:18 INFO  IBindingResolver: - Resolve type bindings...
2025-11-05 06:25:18 INFO  IBindingResolver: - Dependency analaysing...
2025-11-05 06:25:18 INFO  IBindingResolver: - Heap Information: init = 62914560(61440K) used = 14960696(14610K) committed = 65011712(63488K) max = 991952896(968704K)
2025-11-05 06:25:18 INFO  AbstractLangProcessor: - Heap Information: init = 62914560(61440K) used = 8508872(8309K) committed = 31457280(30720K) max = 991952896(968704K)
2025-11-05 06:25:18 INFO  DependencyGenerator: - Dependencies data generating done successfully...
2025-11-05 06:25:36 INFO  AbstractLangProcessor: - Start parsing files...
2025-11-05 06:25:37 INFO  AbstractLangProcessor: - Resolve types and bindings of variables, methods and expressions.... /sample-repo/banking-app/src
2025-11-05 06:25:37 INFO  AbstractLangProcessor: - Heap Information: init = 62914560(61440K) used = 14993464(14642K) committed = 65011712(63488K) max = 991952896(968704K)
2025-11-05 06:25:37 INFO  IBindingResolver: - Resolve type bindings...
2025-11-05 06:25:37 INFO  IBindingResolver: - Dependency analaysing...
2025-11-05 06:25:37 INFO  IBindingResolver: - Heap Information: init = 62914560(61440K) used = 14993464(14642K) committed = 65011712(63488K) max = 991952896(968704K)
2025-11-05 06:25:37 INFO  AbstractLangProcessor: - Heap Information: init = 62914560(61440K) used = 8462192(8263K) committed = 31457280(30720K) max = 991952896(968704K)
2025-11-05 06:25:37 INFO  DependencyGenerator: - Dependencies data generating done successfully...
2025-11-06 11:42:51 INFO  AbstractLangProcessor: - Start parsing files...
2025-11-06 11:42:54 INFO  AbstractLangProcessor: - Resolve types and bindings of variables, methods and expressions.... /sample-repo/banking-app/src
2025-11-06 11:42:54 INFO  AbstractLangProcessor: - Heap Information: init = 62914560(61440K) used = 14927928(14578K) committed = 65011712(63488K) max = 991952896(968704K)
2025-11-06 11:42:54 INFO  IBindingResolver: - Resolve type bindings...
2025-11-06 11:42:54 INFO  IBindingResolver: - Dependency analaysing...
2025-11-06 11:42:54 INFO  IBindingResolver: - Heap Information: init = 62914560(61440K) used = 15976504(15602K) committed = 65011712(63488K) max = 991952896(968704K)
2025-11-06 11:42:54 INFO  AbstractLangProcessor: - Heap Information: init = 62914560(61440K) used = 8509096(8309K) committed = 31457280(30720K) max = 991952896(968704K)
2025-11-06 11:42:54 INFO  DependencyGenerator: - Dependencies data generating done successfully...
2025-11-06 11:43:32 INFO  AbstractLangProcessor: - Start parsing files...
2025-11-06 11:43:33 INFO  AbstractLangProcessor: - Resolve types and bindings of variables, methods and expressions.... /sample-repo/banking-app/src
2025-11-06 11:43:33 INFO  AbstractLangProcessor: - Heap Information: init = 62914560(61440K) used = 14731320(14386K) committed = 65011712(63488K) max = 991952896(968704K)
2025-11-06 11:43:33 INFO  IBindingResolver: - Resolve type bindings...
2025-11-06 11:43:33 INFO  IBindingResolver: - Dependency analaysing...
2025-11-06 11:43:33 INFO  IBindingResolver: - Heap Information: init = 62914560(61440K) used = 14731320(14386K) committed = 65011712(63488K) max = 991952896(968704K)
2025-11-06 11:43:33 INFO  AbstractLangProcessor: - Heap Information: init = 62914560(61440K) used = 8482640(8283K) committed = 31457280(30720K) max = 991952896(968704K)
2025-11-06 11:43:34 INFO  DependencyGenerator: - Dependencies data generating done successfully...
2025-11-06 11:43:53 INFO  AbstractLangProcessor: - Start parsing files...
2025-11-06 11:43:55 INFO  AbstractLangProcessor: - Resolve types and bindings of variables, methods and expressions.... /sample-repo/banking-app/src
2025-11-06 11:43:55 INFO  AbstractLangProcessor: - Heap Information: init = 62914560(61440K) used = 14862392(14514K) committed = 65011712(63488K) max = 991952896(968704K)
2025-11-06 11:43:55 INFO  IBindingResolver: - Resolve type bindings...
2025-11-06 11:43:55 INFO  IBindingResolver: - Dependency analaysing...
2025-11-06 11:43:55 INFO  IBindingResolver: - Heap Information: init = 62914560(61440K) used = 14862392(14514K) committed = 65011712(63488K) max = 991952896(968704K)
2025-11-06 11:43:55 INFO  AbstractLangProcessor: - Heap Information: init = 62914560(61440K) used = 8488752(8289K) committed = 35651584(34816K) max = 991952896(968704K)
2025-11-06 11:43:55 INFO  DependencyGenerator: - Dependencies data generating done successfully...
2025-11-07 08:51:53 INFO  AbstractLangProcessor: - Start parsing files...
2025-11-07 08:51:54 INFO  AbstractLangProcessor: - Resolve types and bindings of variables, methods and expressions.... /sample-repo/banking-app/src
2025-11-07 08:51:54 INFO  AbstractLangProcessor: - Heap Information: init = 62914560(61440K) used = 14764088(14418K) committed = 65011712(63488K) max = 991952896(968704K)
2025-11-07 08:51:54 INFO  IBindingResolver: - Resolve type bindings...
2025-11-07 08:51:54 INFO  IBindingResolver: - Dependency analaysing...
2025-11-07 08:51:54 INFO  IBindingResolver: - Heap Information: init = 62914560(61440K) used = 14764088(14418K) committed = 65011712(63488K) max = 991952896(968704K)
2025-11-07 08:51:54 INFO  AbstractLangProcessor: - Heap Information: init = 62914560(61440K) used = 8493120(8294K) committed = 31457280(30720K) max = 991952896(968704K)
2025-11-07 08:51:55 INFO  DependencyGenerator: - Dependencies data generating done successfully...
2025-11-07 08:52:24 INFO  AbstractLangProcessor: - Start parsing files...
2025-11-07 08:52:25 INFO  AbstractLangProcessor: - Resolve types and bindings of variables, methods and expressions.... /sample-repo/banking-app/src
2025-11-07 08:52:26 INFO  AbstractLangProcessor: - Heap Information: init = 62914560(61440K) used = 14764088(14418K) committed = 65011712(63488K) max = 991952896(968704K)
2025-11-07 08:52:26 INFO  IBindingResolver: - Resolve type bindings...
2025-11-07 08:52:26 INFO  IBindingResolver: - Dependency analaysing...
2025-11-07 08:52:26 INFO  IBindingResolver: - Heap Information: init = 62914560(61440K) used = 14764088(14418K) committed = 65011712(63488K) max = 991952896(968704K)
2025-11-07 08:52:26 INFO  AbstractLangProcessor: - Heap Information: init = 62914560(61440K) used = 8493816(8294K) committed = 35651584(34816K) max = 991952896(968704K)
2025-11-07 08:52:26 INFO  DependencyGenerator: - Dependencies data generating done successfully...
2025-11-07 08:52:45 INFO  AbstractLangProcessor: - Start parsing files...
2025-11-07 08:52:46 INFO  AbstractLangProcessor: - Resolve types and bindings of variables, methods and expressions.... /sample-repo/banking-app/src
2025-11-07 08:52:46 INFO  AbstractLangProcessor: - Heap Information: init = 62914560(61440K) used = 14731320(14386K) committed = 65011712(63488K) max = 991952896(968704K)
2025-11-07 08:52:46 INFO  IBindingResolver: - Resolve type bindings...
2025-11-07 08:52:46 INFO  IBindingResolver: - Dependency analaysing...
2025-11-07 08:52:46 INFO  IBindingResolver: - Heap Information: init = 62914560(61440K) used = 14731320(14386K) committed = 65011712(63488K) max = 991952896(968704K)
2025-11-07 08:52:46 INFO  AbstractLangProcessor: - Heap Information: init = 62914560(61440K) used = 8492024(8292K) committed = 35651584(34816K) max = 991952896(968704K)
2025-11-07 08:52:46 INFO  DependencyGenerator: - Dependencies data generating done successfully...
2025-11-07 16:33:46 INFO  AbstractLangProcessor: - Start parsing files...
2025-11-07 16:33:47 INFO  AbstractLangProcessor: - Resolve types and bindings of variables, methods and expressions.... /sample-repo/banking-app/src
2025-11-07 16:33:47 INFO  AbstractLangProcessor: - Heap Information: init = 62914560(61440K) used = 14997576(14646K) committed = 65011712(63488K) max = 991952896(968704K)
2025-11-07 16:33:47 INFO  IBindingResolver: - Resolve type bindings...
2025-11-07 16:33:47 INFO  IBindingResolver: - Dependency analaysing...
2025-11-07 16:33:47 INFO  IBindingResolver: - Heap Information: init = 62914560(61440K) used = 14997576(14646K) committed = 65011712(63488K) max = 991952896(968704K)
2025-11-07 16:33:47 INFO  AbstractLangProcessor: - Heap Information: init = 62914560(61440K) used = 8463064(8264K) committed = 31457280(30720K) max = 991952896(968704K)
2025-11-07 16:33:47 INFO  DependencyGenerator: - Dependencies data generating done successfully...
2025-11-07 16:34:11 INFO  AbstractLangProcessor: - Start parsing files...
2025-11-07 16:34:11 INFO  AbstractLangProcessor: - Resolve types and bindings of variables, methods and expressions.... /sample-repo/banking-app/src
2025-11-07 16:34:11 INFO  AbstractLangProcessor: - Heap Information: init = 62914560(61440K) used = 14764088(14418K) committed = 65011712(63488K) max = 991952896(968704K)
2025-11-07 16:34:11 INFO  IBindingResolver: - Resolve type bindings...
2025-11-07 16:34:11 INFO  IBindingResolver: - Dependency analaysing...
2025-11-07 16:34:11 INFO  IBindingResolver: - Heap Information: init = 62914560(61440K) used = 14764088(14418K) committed = 65011712(63488K) max = 991952896(968704K)
2025-11-07 16:34:11 INFO  AbstractLangProcessor: - Heap Information: init = 62914560(61440K) used = 8472208(8273K) committed = 35651584(34816K) max = 991952896(968704K)
2025-11-07 16:34:11 INFO  DependencyGenerator: - Dependencies data generating done successfully...
2025-11-07 16:34:30 INFO  AbstractLangProcessor: - Start parsing files...
2025-11-07 16:34:31 INFO  AbstractLangProcessor: - Resolve types and bindings of variables, methods and expressions.... /sample-repo/banking-app/src
2025-11-07 16:34:31 INFO  AbstractLangProcessor: - Heap Information: init = 62914560(61440K) used = 13944888(13618K) committed = 65011712(63488K) max = 991952896(968704K)
2025-11-07 16:34:31 INFO  IBindingResolver: - Resolve type bindings...
2025-11-07 16:34:31 INFO  IBindingResolver: - Dependency analaysing...
2025-11-07 16:34:31 INFO  IBindingResolver: - Heap Information: init = 62914560(61440K) used = 14993464(14642K) committed = 65011712(63488K) max = 991952896(968704K)
2025-11-07 16:34:31 INFO  AbstractLangProcessor: - Heap Information: init = 62914560(61440K) used = 8479640(8280K) committed = 31457280(30720K) max = 991952896(968704K)
2025-11-07 16:34:31 INFO  DependencyGenerator: - Dependencies data generating done successfully...
2025-11-07 16:42:38 INFO  AbstractLangProcessor: - Start parsing files...
2025-11-07 16:42:39 INFO  AbstractLangProcessor: - Resolve types and bindings of variables, methods and expressions.... /sample-repo/banking-app/src
2025-11-07 16:42:39 INFO  AbstractLangProcessor: - Heap Information: init = 62914560(61440K) used = 14960696(14610K) committed = 65011712(63488K) max = 991952896(968704K)
2025-11-07 16:42:39 INFO  IBindingResolver: - Resolve type bindings...
2025-11-07 16:42:39 INFO  IBindingResolver: - Dependency analaysing...
2025-11-07 16:42:39 INFO  IBindingResolver: - Heap Information: init = 62914560(61440K) used = 14960696(14610K) committed = 65011712(63488K) max = 991952896(968704K)
2025-11-07 16:42:39 INFO  AbstractLangProcessor: - Heap Information: init = 62914560(61440K) used = 8515080(8315K) committed = 31457280(30720K) max = 991952896(968704K)
2025-11-07 16:42:39 INFO  DependencyGenerator: - Dependencies data generating done successfully...
2025-11-07 16:43:03 INFO  AbstractLangProcessor: - Start parsing files...
2025-11-07 16:43:04 INFO  AbstractLangProcessor: - Resolve types and bindings of variables, methods and expressions.... /sample-repo/banking-app/src
2025-11-07 16:43:04 INFO  AbstractLangProcessor: - Heap Information: init = 62914560(61440K) used = 14764088(14418K) committed = 65011712(63488K) max = 991952896(968704K)
2025-11-07 16:43:04 INFO  IBindingResolver: - Resolve type bindings...
2025-11-07 16:43:04 INFO  IBindingResolver: - Dependency analaysing...
2025-11-07 16:43:04 INFO  IBindingResolver: - Heap Information: init = 62914560(61440K) used = 14764088(14418K) committed = 65011712(63488K) max = 991952896(968704K)
2025-11-07 16:43:04 INFO  AbstractLangProcessor: - Heap Information: init = 62914560(61440K) used = 8484584(8285K) committed = 31457280(30720K) max = 991952896(968704K)
2025-11-07 16:43:04 INFO  DependencyGenerator: - Dependencies data generating done successfully...
2025-11-07 16:43:19 INFO  AbstractLangProcessor: - Start parsing files...
2025-11-07 16:43:20 INFO  AbstractLangProcessor: - Resolve types and bindings of variables, methods and expressions.... /sample-repo/banking-app/src
2025-11-07 16:43:20 INFO  AbstractLangProcessor: - Heap Information: init = 62914560(61440K) used = 14764088(14418K) committed = 65011712(63488K) max = 991952896(968704K)
2025-11-07 16:43:20 INFO  IBindingResolver: - Resolve type bindings...
2025-11-07 16:43:20 INFO  IBindingResolver: - Dependency analaysing...
2025-11-07 16:43:20 INFO  IBindingResolver: - Heap Information: init = 62914560(61440K) used = 14764088(14418K) committed = 65011712(63488K) max = 991952896(968704K)
2025-11-07 16:43:20 INFO  AbstractLangProcessor: - Heap Information: init = 62914560(61440K) used = 8523568(8323K) committed = 35651584(34816K) max = 991952896(968704K)
2025-11-07 16:43:20 INFO  DependencyGenerator: - Dependencies data generating done successfully...
