2025-11-03 13:25:16 INFO  AbstractLangProcessor: - Start parsing files...
2025-11-03 13:25:16 INFO  AbstractLangProcessor: - Resolve types and bindings of variables, methods and expressions.... /sample-repo/banking-app/src/payment
2025-11-03 13:25:16 INFO  AbstractLangProcessor: - Heap Information: init = 62914560(61440K) used = 28362808(27698K) committed = 65011712(63488K) max = 991952896(968704K)
2025-11-03 13:25:16 INFO  IBindingResolver: - Resolve type bindings...
2025-11-03 13:25:16 INFO  IBindingResolver: - Dependency analaysing...
2025-11-03 13:25:16 INFO  IBindingResolver: - Heap Information: init = 62914560(61440K) used = 28362808(27698K) committed = 65011712(63488K) max = 991952896(968704K)
2025-11-03 13:25:16 INFO  AbstractLangProcessor: - Heap Information: init = 62914560(61440K) used = 8388904(8192K) committed = 31457280(30720K) max = 991952896(968704K)
2025-11-03 13:25:16 INFO  DependencyGenerator: - Dependencies data generating done successfully...
2025-11-03 13:29:58 INFO  AbstractLangProcessor: - Start parsing files...
2025-11-03 13:29:59 INFO  AbstractLangProcessor: - Resolve types and bindings of variables, methods and expressions.... /sample-repo/banking-app/src/payment
2025-11-03 13:29:59 INFO  AbstractLangProcessor: - Heap Information: init = 62914560(61440K) used = 28362808(27698K) committed = 65011712(63488K) max = 991952896(968704K)
2025-11-03 13:29:59 INFO  IBindingResolver: - Resolve type bindings...
2025-11-03 13:29:59 INFO  IBindingResolver: - Dependency analaysing...
2025-11-03 13:29:59 INFO  IBindingResolver: - Heap Information: init = 62914560(61440K) used = 28362808(27698K) committed = 65011712(63488K) max = 991952896(968704K)
2025-11-03 13:29:59 INFO  AbstractLangProcessor: - Heap Information: init = 62914560(61440K) used = 8387208(8190K) committed = 31457280(30720K) max = 991952896(968704K)
2025-11-03 13:29:59 INFO  DependencyGenerator: - Dependencies data generating done successfully...
2025-11-03 13:30:20 INFO  AbstractLangProcessor: - Start parsing files...
2025-11-03 13:30:20 INFO  AbstractLangProcessor: - Resolve types and bindings of variables, methods and expressions.... /sample-repo/banking-app/src/payment
2025-11-03 13:30:20 INFO  AbstractLangProcessor: - Heap Information: init = 62914560(61440K) used = 27314232(26674K) committed = 65011712(63488K) max = 991952896(968704K)
2025-11-03 13:30:20 INFO  IBindingResolver: - Resolve type bindings...
2025-11-03 13:30:20 INFO  IBindingResolver: - Dependency analaysing...
2025-11-03 13:30:20 INFO  IBindingResolver: - Heap Information: init = 62914560(61440K) used = 27314232(26674K) committed = 65011712(63488K) max = 991952896(968704K)
2025-11-03 13:30:20 INFO  AbstractLangProcessor: - Heap Information: init = 62914560(61440K) used = 8386776(8190K) committed = 31457280(30720K) max = 991952896(968704K)
2025-11-03 13:30:20 INFO  DependencyGenerator: - Dependencies data generating done successfully...
2025-11-03 13:33:15 INFO  AbstractLangProcessor: - Start parsing files...
2025-11-03 13:33:15 INFO  AbstractLangProcessor: - Resolve types and bindings of variables, methods and expressions.... /sample-repo/banking-app/src/payment
2025-11-03 13:33:15 INFO  AbstractLangProcessor: - Heap Information: init = 62914560(61440K) used = 28362808(27698K) committed = 65011712(63488K) max = 991952896(968704K)
2025-11-03 13:33:15 INFO  IBindingResolver: - Resolve type bindings...
2025-11-03 13:33:15 INFO  IBindingResolver: - Dependency analaysing...
2025-11-03 13:33:15 INFO  IBindingResolver: - Heap Information: init = 62914560(61440K) used = 28362808(27698K) committed = 65011712(63488K) max = 991952896(968704K)
2025-11-03 13:33:15 INFO  AbstractLangProcessor: - Heap Information: init = 62914560(61440K) used = 8387544(8190K) committed = 31457280(30720K) max = 991952896(968704K)
2025-11-03 13:33:15 INFO  DependencyGenerator: - Dependencies data generating done successfully...
2025-11-03 13:35:55 INFO  AbstractLangProcessor: - Start parsing files...
2025-11-03 13:35:55 INFO  AbstractLangProcessor: - Resolve types and bindings of variables, methods and expressions.... /sample-repo/banking-app/src/payment
2025-11-03 13:35:55 INFO  AbstractLangProcessor: - Heap Information: init = 62914560(61440K) used = 28362808(27698K) committed = 65011712(63488K) max = 991952896(968704K)
2025-11-03 13:35:55 INFO  IBindingResolver: - Resolve type bindings...
2025-11-03 13:35:55 INFO  IBindingResolver: - Dependency analaysing...
2025-11-03 13:35:55 INFO  IBindingResolver: - Heap Information: init = 62914560(61440K) used = 28362808(27698K) committed = 65011712(63488K) max = 991952896(968704K)
2025-11-03 13:35:55 INFO  AbstractLangProcessor: - Heap Information: init = 62914560(61440K) used = 8389160(8192K) committed = 31457280(30720K) max = 991952896(968704K)
2025-11-03 13:35:55 INFO  DependencyGenerator: - Dependencies data generating done successfully...
2025-11-03 13:47:47 INFO  AbstractLangProcessor: - Start parsing files...
2025-11-03 13:47:47 INFO  AbstractLangProcessor: - Resolve types and bindings of variables, methods and expressions.... /sample-repo/banking-app/src/payment
2025-11-03 13:47:47 INFO  AbstractLangProcessor: - Heap Information: init = 62914560(61440K) used = 28362808(27698K) committed = 65011712(63488K) max = 991952896(968704K)
2025-11-03 13:47:47 INFO  IBindingResolver: - Resolve type bindings...
2025-11-03 13:47:47 INFO  IBindingResolver: - Dependency analaysing...
2025-11-03 13:47:47 INFO  IBindingResolver: - Heap Information: init = 62914560(61440K) used = 28362808(27698K) committed = 65011712(63488K) max = 991952896(968704K)
2025-11-03 13:47:47 INFO  AbstractLangProcessor: - Heap Information: init = 62914560(61440K) used = 8389656(8193K) committed = 31457280(30720K) max = 991952896(968704K)
2025-11-03 13:47:47 INFO  DependencyGenerator: - Dependencies data generating done successfully...
