2025-11-02 21:32:41 INFO  AbstractLangProcessor: - Start parsing files...
2025-11-02 21:32:42 INFO  AbstractLangProcessor: - Resolve types and bindings of variables, methods and expressions.... D:\vscode\Hackathon\CodePulse_AI\tools\depends\test-code
2025-11-02 21:32:42 INFO  AbstractLangProcessor: - Heap Information: init = 130023424(126976K) used = 23068672(22528K) committed = 130023424(126976K) max = 2076180480(2027520K)
2025-11-02 21:32:42 INFO  IBindingResolver: - Resolve type bindings...
2025-11-02 21:32:42 INFO  IBindingResolver: - Dependency analaysing...
2025-11-02 21:32:42 INFO  IBindingResolver: - Heap Information: init = 130023424(126976K) used = 23068672(22528K) committed = 130023424(126976K) max = 2076180480(2027520K)
2025-11-02 21:32:42 INFO  AbstractLangProcessor: - Heap Information: init = 130023424(126976K) used = 7917752(7732K) committed = 28311552(27648K) max = 2076180480(2027520K)
2025-11-02 21:32:42 INFO  DependencyGenerator: - Dependencies data generating done successfully...
2025-11-02 21:36:33 INFO  AbstractLangProcessor: - Start parsing files...
2025-11-02 21:36:33 INFO  AbstractLangProcessor: - Resolve types and bindings of variables, methods and expressions.... D:\vscode\Hackathon\CodePulse_AI\tools\depends\test-code
2025-11-02 21:36:33 INFO  AbstractLangProcessor: - Heap Information: init = 130023424(126976K) used = 23068672(22528K) committed = 130023424(126976K) max = 2076180480(2027520K)
2025-11-02 21:36:33 INFO  IBindingResolver: - Resolve type bindings...
2025-11-02 21:36:33 INFO  IBindingResolver: - Dependency analaysing...
2025-11-02 21:36:33 INFO  IBindingResolver: - Heap Information: init = 130023424(126976K) used = 23068672(22528K) committed = 130023424(126976K) max = 2076180480(2027520K)
2025-11-02 21:36:33 INFO  AbstractLangProcessor: - Heap Information: init = 130023424(126976K) used = 7916880(7731K) committed = 28311552(27648K) max = 2076180480(2027520K)
2025-11-02 21:36:33 INFO  DependencyGenerator: - Dependencies data generating done successfully...
2025-11-02 21:37:13 INFO  AbstractLangProcessor: - Start parsing files...
2025-11-02 21:37:13 INFO  AbstractLangProcessor: - Resolve types and bindings of variables, methods and expressions.... D:\vscode\Hackathon\CodePulse_AI\tools\depends\test-code
2025-11-02 21:37:13 INFO  AbstractLangProcessor: - Heap Information: init = 130023424(126976K) used = 23068672(22528K) committed = 130023424(126976K) max = 2076180480(2027520K)
2025-11-02 21:37:13 INFO  IBindingResolver: - Resolve type bindings...
2025-11-02 21:37:13 INFO  IBindingResolver: - Dependency analaysing...
2025-11-02 21:37:13 INFO  IBindingResolver: - Heap Information: init = 130023424(126976K) used = 23068672(22528K) committed = 130023424(126976K) max = 2076180480(2027520K)
2025-11-02 21:37:13 INFO  AbstractLangProcessor: - Heap Information: init = 130023424(126976K) used = 7917744(7732K) committed = 28311552(27648K) max = 2076180480(2027520K)
2025-11-02 21:37:13 INFO  DependencyGenerator: - Dependencies data generating done successfully...
2025-11-02 21:38:10 INFO  AbstractLangProcessor: - Start parsing files...
2025-11-02 21:38:10 INFO  AbstractLangProcessor: - Resolve types and bindings of variables, methods and expressions.... D:\vscode\Hackathon\CodePulse_AI\tools\depends\test-code
2025-11-02 21:38:10 INFO  AbstractLangProcessor: - Heap Information: init = 130023424(126976K) used = 23068672(22528K) committed = 130023424(126976K) max = 2076180480(2027520K)
2025-11-02 21:38:10 INFO  IBindingResolver: - Resolve type bindings...
2025-11-02 21:38:10 INFO  IBindingResolver: - Dependency analaysing...
2025-11-02 21:38:10 INFO  IBindingResolver: - Heap Information: init = 130023424(126976K) used = 23068672(22528K) committed = 130023424(126976K) max = 2076180480(2027520K)
2025-11-02 21:38:10 INFO  AbstractLangProcessor: - Heap Information: init = 130023424(126976K) used = 7917144(7731K) committed = 28311552(27648K) max = 2076180480(2027520K)
2025-11-02 21:38:10 INFO  DependencyGenerator: - Dependencies data generating done successfully...
